<?xml version="1.0" encoding="UTF-8"?>
<robot generator="Robot 3.2.2 (Python 3.9.2 on win32)" generated="20210331 16:01:41.637" rpa="false">
<suite id="s1" name="TestWebTables" source="C:\Users\RAlexandru\Documents\Proiecte Eclipse\TestWebTables">
<suite id="s1-s1" name="Test Web Tables" source="C:\Users\RAlexandru\Documents\Proiecte Eclipse\TestWebTables\test_web_tables.robot">
<test id="s1-s1-t1" name="TestSearch">
<kw name="Open Browser Page">
<kw name="Open Browser" library="SeleniumLibrary">
<doc>Opens a new browser instance to the optional ``url``.</doc>
<arguments>
<arg>${url}</arg>
<arg>${browser}</arg>
</arguments>
<msg timestamp="20210331 16:01:41.836" level="INFO">Opening browser 'chrome' to base url 'https://demoqa.com/webtables'.</msg>
<status status="PASS" starttime="20210331 16:01:41.836" endtime="20210331 16:01:44.456"></status>
</kw>
<kw name="Set Window Position" library="SeleniumLibrary">
<doc>Sets window position using ``x`` and ``y`` coordinates.</doc>
<arguments>
<arg>${2000}</arg>
<arg>${0}</arg>
</arguments>
<status status="PASS" starttime="20210331 16:01:44.456" endtime="20210331 16:01:44.585"></status>
</kw>
<kw name="Maximize Browser Window" library="SeleniumLibrary">
<doc>Maximizes current browser window.</doc>
<status status="PASS" starttime="20210331 16:01:44.585" endtime="20210331 16:01:44.697"></status>
</kw>
<status status="PASS" starttime="20210331 16:01:41.836" endtime="20210331 16:01:44.698"></status>
</kw>
<kw name="Search" library="check_tables.WebTables">
<arguments>
<arg>Insurance</arg>
</arguments>
<status status="PASS" starttime="20210331 16:01:44.698" endtime="20210331 16:01:44.825"></status>
</kw>
<kw name="Sleep" library="BuiltIn">
<doc>Pauses the test executed for the given time.</doc>
<arguments>
<arg>3</arg>
</arguments>
<msg timestamp="20210331 16:01:47.840" level="INFO">Slept 3 seconds</msg>
<status status="PASS" starttime="20210331 16:01:44.826" endtime="20210331 16:01:47.841"></status>
</kw>
<kw name="Close Browser" library="SeleniumLibrary">
<doc>Closes the current browser.</doc>
<status status="PASS" starttime="20210331 16:01:47.841" endtime="20210331 16:01:49.940"></status>
</kw>
<status status="PASS" starttime="20210331 16:01:41.835" endtime="20210331 16:01:49.940" critical="yes"></status>
</test>
<test id="s1-s1-t2" name="TestChangeRows">
<kw name="Open Browser Page">
<kw name="Open Browser" library="SeleniumLibrary">
<doc>Opens a new browser instance to the optional ``url``.</doc>
<arguments>
<arg>${url}</arg>
<arg>${browser}</arg>
</arguments>
<msg timestamp="20210331 16:01:49.943" level="INFO">Opening browser 'chrome' to base url 'https://demoqa.com/webtables'.</msg>
<status status="PASS" starttime="20210331 16:01:49.943" endtime="20210331 16:01:52.645"></status>
</kw>
<kw name="Set Window Position" library="SeleniumLibrary">
<doc>Sets window position using ``x`` and ``y`` coordinates.</doc>
<arguments>
<arg>${2000}</arg>
<arg>${0}</arg>
</arguments>
<status status="PASS" starttime="20210331 16:01:52.645" endtime="20210331 16:01:52.777"></status>
</kw>
<kw name="Maximize Browser Window" library="SeleniumLibrary">
<doc>Maximizes current browser window.</doc>
<status status="PASS" starttime="20210331 16:01:52.777" endtime="20210331 16:01:52.886"></status>
</kw>
<status status="PASS" starttime="20210331 16:01:49.942" endtime="20210331 16:01:52.886"></status>
</kw>
<kw name="Retrieve Rows Per Page" library="check_tables.WebTables">
<status status="PASS" starttime="20210331 16:01:52.887" endtime="20210331 16:01:52.970"></status>
</kw>
<kw name="Select Rows Per Page" library="check_tables.WebTables">
<arguments>
<arg>${rows_per_page}</arg>
</arguments>
<status status="PASS" starttime="20210331 16:01:52.970" endtime="20210331 16:01:53.020"></status>
</kw>
<kw name="Sleep" library="BuiltIn">
<doc>Pauses the test executed for the given time.</doc>
<arguments>
<arg>3</arg>
</arguments>
<msg timestamp="20210331 16:01:56.025" level="INFO">Slept 3 seconds</msg>
<status status="PASS" starttime="20210331 16:01:53.020" endtime="20210331 16:01:56.025"></status>
</kw>
<kw name="Close Browser" library="SeleniumLibrary">
<doc>Closes the current browser.</doc>
<status status="PASS" starttime="20210331 16:01:56.025" endtime="20210331 16:01:58.138"></status>
</kw>
<status status="PASS" starttime="20210331 16:01:49.941" endtime="20210331 16:01:58.138" critical="yes"></status>
</test>
<test id="s1-s1-t3" name="TestRetrieveData">
<kw name="Open Browser Page">
<kw name="Open Browser" library="SeleniumLibrary">
<doc>Opens a new browser instance to the optional ``url``.</doc>
<arguments>
<arg>${url}</arg>
<arg>${browser}</arg>
</arguments>
<msg timestamp="20210331 16:01:58.141" level="INFO">Opening browser 'chrome' to base url 'https://demoqa.com/webtables'.</msg>
<status status="PASS" starttime="20210331 16:01:58.140" endtime="20210331 16:02:00.968"></status>
</kw>
<kw name="Set Window Position" library="SeleniumLibrary">
<doc>Sets window position using ``x`` and ``y`` coordinates.</doc>
<arguments>
<arg>${2000}</arg>
<arg>${0}</arg>
</arguments>
<status status="PASS" starttime="20210331 16:02:00.968" endtime="20210331 16:02:01.090"></status>
</kw>
<kw name="Maximize Browser Window" library="SeleniumLibrary">
<doc>Maximizes current browser window.</doc>
<status status="PASS" starttime="20210331 16:02:01.090" endtime="20210331 16:02:01.214"></status>
</kw>
<status status="PASS" starttime="20210331 16:01:58.139" endtime="20210331 16:02:01.215"></status>
</kw>
<kw name="Retrieve Data" library="check_tables.WebTables">
<msg timestamp="20210331 16:02:01.513" level="INFO">[{'First Name': 'Cierra', 'Last Name': 'Vega', 'Age': '39', 'Email': 'cierra@example.com', 'Salary': '10000', 'Department': 'Insurance'}, {'First Name': 'Alden', 'Last Name': 'Cantrell', 'Age': '45', 'Email': 'alden@example.com', 'Salary': '12000', 'Department': 'Compliance'}, {'First Name': 'Kierra', 'Last Name': 'Gentry', 'Age': '29', 'Email': 'kierra@example.com', 'Salary': '2000', 'Department': 'Legal'}]</msg>
<status status="PASS" starttime="20210331 16:02:01.215" endtime="20210331 16:02:01.514"></status>
</kw>
<kw name="Sleep" library="BuiltIn">
<doc>Pauses the test executed for the given time.</doc>
<arguments>
<arg>5</arg>
</arguments>
<msg timestamp="20210331 16:02:06.526" level="INFO">Slept 5 seconds</msg>
<status status="PASS" starttime="20210331 16:02:01.514" endtime="20210331 16:02:06.526"></status>
</kw>
<kw name="Close Browser" library="SeleniumLibrary">
<doc>Closes the current browser.</doc>
<status status="PASS" starttime="20210331 16:02:06.526" endtime="20210331 16:02:08.646"></status>
</kw>
<status status="PASS" starttime="20210331 16:01:58.138" endtime="20210331 16:02:08.647" critical="yes"></status>
</test>
<test id="s1-s1-t4" name="TestAddData">
<kw name="Open Browser Page">
<kw name="Open Browser" library="SeleniumLibrary">
<doc>Opens a new browser instance to the optional ``url``.</doc>
<arguments>
<arg>${url}</arg>
<arg>${browser}</arg>
</arguments>
<msg timestamp="20210331 16:02:08.651" level="INFO">Opening browser 'chrome' to base url 'https://demoqa.com/webtables'.</msg>
<status status="PASS" starttime="20210331 16:02:08.651" endtime="20210331 16:02:11.402"></status>
</kw>
<kw name="Set Window Position" library="SeleniumLibrary">
<doc>Sets window position using ``x`` and ``y`` coordinates.</doc>
<arguments>
<arg>${2000}</arg>
<arg>${0}</arg>
</arguments>
<status status="PASS" starttime="20210331 16:02:11.402" endtime="20210331 16:02:11.523"></status>
</kw>
<kw name="Maximize Browser Window" library="SeleniumLibrary">
<doc>Maximizes current browser window.</doc>
<status status="PASS" starttime="20210331 16:02:11.523" endtime="20210331 16:02:11.654"></status>
</kw>
<status status="PASS" starttime="20210331 16:02:08.650" endtime="20210331 16:02:11.655"></status>
</kw>
<kw name="Click Add" library="check_tables.WebTables">
<status status="PASS" starttime="20210331 16:02:11.656" endtime="20210331 16:02:11.819"></status>
</kw>
<kw name="Insert Data" library="check_tables.WebTables">
<arguments>
<arg>${values}</arg>
</arguments>
<status status="PASS" starttime="20210331 16:02:11.819" endtime="20210331 16:02:12.280"></status>
</kw>
<kw name="Retrieve Data" library="check_tables.WebTables">
<msg timestamp="20210331 16:02:12.569" level="INFO">[{'First Name': 'Cierra', 'Last Name': 'Vega', 'Age': '39', 'Email': 'cierra@example.com', 'Salary': '10000', 'Department': 'Insurance'}, {'First Name': 'Alden', 'Last Name': 'Cantrell', 'Age': '45', 'Email': 'alden@example.com', 'Salary': '12000', 'Department': 'Compliance'}, {'First Name': 'Kierra', 'Last Name': 'Gentry', 'Age': '29', 'Email': 'kierra@example.com', 'Salary': '2000', 'Department': 'Legal'}]</msg>
<status status="PASS" starttime="20210331 16:02:12.280" endtime="20210331 16:02:12.569"></status>
</kw>
<kw name="Sleep" library="BuiltIn">
<doc>Pauses the test executed for the given time.</doc>
<arguments>
<arg>7</arg>
</arguments>
<msg timestamp="20210331 16:02:19.576" level="INFO">Slept 7 seconds</msg>
<status status="PASS" starttime="20210331 16:02:12.570" endtime="20210331 16:02:19.576"></status>
</kw>
<kw name="Close Browser" library="SeleniumLibrary">
<doc>Closes the current browser.</doc>
<status status="PASS" starttime="20210331 16:02:19.576" endtime="20210331 16:02:21.700"></status>
</kw>
<status status="PASS" starttime="20210331 16:02:08.649" endtime="20210331 16:02:21.702" critical="yes"></status>
</test>
<status status="PASS" starttime="20210331 16:01:41.681" endtime="20210331 16:02:21.705"></status>
</suite>
<status status="PASS" starttime="20210331 16:01:41.663" endtime="20210331 16:02:21.707"></status>
</suite>
<statistics>
<total>
<stat pass="4" fail="0">Critical Tests</stat>
<stat pass="4" fail="0">All Tests</stat>
</total>
<tag>
</tag>
<suite>
<stat pass="4" fail="0" id="s1" name="TestWebTables">TestWebTables</stat>
<stat pass="4" fail="0" id="s1-s1" name="Test Web Tables">TestWebTables.Test Web Tables</stat>
</suite>
</statistics>
<errors>
</errors>
</robot>
